<?xml version="1.0" encoding="UTF-8"?>
<!-- Generated by org.testng.reporters.JUnitReportReporter -->
<testsuite hostname="Adwaitha" failures="0" tests="1" name="tests.drshethtest" time="28.166" errors="0" timestamp="2023-07-07T19:23:46 IST" skipped="0">
  <testcase classname="tests.drshethtest" name="test" time="28.166"/>
</testsuite> <!-- tests.drshethtest -->
